<?xml version="1.0" encoding="UTF-8"?>
<!-- Generated by org.testng.reporters.JUnitReportReporter -->
<testsuite name="com.selenium.testcases.stocksuite.BuySellStockTest" tests="2" time="0.178" ignored="0" failures="0" timestamp="08 May 2019 07:54:50 GMT" skipped="2" hostname="Manish-PC" errors="0">
  <testcase name="buyOrSellStockTest" time="0.096" classname="com.selenium.testcases.stocksuite.BuySellStockTest">
    <skipped/>
  </testcase> <!-- buyOrSellStockTest -->
  <testcase name="checkTransactionHistoryTest" time="0.082" classname="com.selenium.testcases.stocksuite.BuySellStockTest">
    <skipped/>
  </testcase> <!-- checkTransactionHistoryTest -->
</testsuite> <!-- com.selenium.testcases.stocksuite.BuySellStockTest -->
