<?xml version="1.0" encoding="UTF-8"?>
<!-- Generated by org.testng.reporters.JUnitReportReporter -->
<testsuite name="com.selenium.testcases.portfoliosuite.LoginTest" tests="2" time="42.213" ignored="0" failures="0" timestamp="08 May 2019 05:20:23 GMT" skipped="1" hostname="Manish-PC" errors="0">
  <testcase name="loginTest" time="41.896" classname="com.selenium.testcases.portfoliosuite.LoginTest"/>
  <testcase name="loginTest" time="0.317" classname="com.selenium.testcases.portfoliosuite.LoginTest">
    <skipped/>
  </testcase> <!-- loginTest -->
</testsuite> <!-- com.selenium.testcases.portfoliosuite.LoginTest -->
