<?xml version="1.0" encoding="UTF-8"?>
<!-- Generated by org.testng.reporters.JUnitReportReporter -->
<testsuite name="com.selenium.testcases.portfoliosuite.PortFolioTest" tests="3" time="1.626" ignored="0" failures="0" timestamp="14 Aug 2018 03:06:29 GMT" skipped="3" hostname="Manish-PC" errors="0">
  <testcase name="createPortFolioTest" time="0.785" classname="com.selenium.testcases.portfoliosuite.PortFolioTest">
    <skipped/>
  </testcase> <!-- createPortFolioTest -->
  <testcase name="createPortFolioTest" time="0.841" classname="com.selenium.testcases.portfoliosuite.PortFolioTest">
    <skipped/>
  </testcase> <!-- createPortFolioTest -->
  <testcase name="deletePortFolioTest" time="0.000" classname="com.selenium.testcases.portfoliosuite.PortFolioTest">
    <skipped/>
  </testcase> <!-- deletePortFolioTest -->
</testsuite> <!-- com.selenium.testcases.portfoliosuite.PortFolioTest -->
