<?xml version="1.0" encoding="UTF-8"?>
<!-- Generated by org.testng.reporters.JUnitReportReporter -->
<testsuite name="com.selenium.testcases.portfoliosuite.PortFolioTest" tests="2" time="0.077" ignored="0" failures="0" timestamp="13 Sep 2018 01:26:30 GMT" skipped="2" hostname="Manish-PC" errors="0">
  <testcase name="createPortFolioTest" time="0.077" classname="com.selenium.testcases.portfoliosuite.PortFolioTest">
    <skipped/>
  </testcase> <!-- createPortFolioTest -->
  <testcase name="deletePortFolioTest" time="0.000" classname="com.selenium.testcases.portfoliosuite.PortFolioTest">
    <skipped/>
  </testcase> <!-- deletePortFolioTest -->
</testsuite> <!-- com.selenium.testcases.portfoliosuite.PortFolioTest -->
