<?xml version="1.0" encoding="UTF-8"?>
<!-- Generated by org.testng.reporters.JUnitReportReporter -->
<testsuite name="com.selenium.testcases.stocksuite.BuySellStockTest" tests="2" time="2.647" ignored="4" failures="0" timestamp="23 Apr 2019 13:37:43 GMT" skipped="2" hostname="Manish-PC" errors="0">
  <testcase name="buyOrSellStockTest" time="0.829" classname="com.selenium.testcases.stocksuite.BuySellStockTest">
    <skipped/>
  </testcase> <!-- buyOrSellStockTest -->
  <testcase name="checkTransactionHistoryTest" time="1.818" classname="com.selenium.testcases.stocksuite.BuySellStockTest">
    <skipped/>
  </testcase> <!-- checkTransactionHistoryTest -->
  <testcase name="init" classname="com.selenium.base.BaseTest">
    <skipped/>
  </testcase> <!-- init -->
  <testcase name="init" classname="com.selenium.base.BaseTest">
    <skipped/>
  </testcase> <!-- init -->
  <testcase name="init" classname="com.selenium.base.BaseTest">
    <skipped/>
  </testcase> <!-- init -->
  <testcase name="init" classname="com.selenium.base.BaseTest">
    <skipped/>
  </testcase> <!-- init -->
</testsuite> <!-- com.selenium.testcases.stocksuite.BuySellStockTest -->
