<?xml version="1.0" encoding="UTF-8"?>
<!-- Generated by org.testng.reporters.JUnitReportReporter -->
<testsuite name="com.selenium.testcases.stocksuite.AddDelStockTest" tests="2" time="0.000" ignored="4" failures="0" timestamp="23 Apr 2019 13:37:43 GMT" skipped="2" hostname="Manish-PC" errors="0">
  <testcase name="addStockTest" time="0.000" classname="com.selenium.testcases.stocksuite.AddDelStockTest">
    <skipped/>
  </testcase> <!-- addStockTest -->
  <testcase name="deleteStockTest" time="0.000" classname="com.selenium.testcases.stocksuite.AddDelStockTest">
    <skipped/>
  </testcase> <!-- deleteStockTest -->
  <testcase name="init" classname="com.selenium.base.BaseTest">
    <skipped/>
  </testcase> <!-- init -->
  <testcase name="init" classname="com.selenium.base.BaseTest">
    <skipped/>
  </testcase> <!-- init -->
  <testcase name="init" classname="com.selenium.base.BaseTest">
    <skipped/>
  </testcase> <!-- init -->
  <testcase name="init" classname="com.selenium.base.BaseTest">
    <skipped/>
  </testcase> <!-- init -->
</testsuite> <!-- com.selenium.testcases.stocksuite.AddDelStockTest -->
