<?xml version="1.0" encoding="UTF-8"?>
<!-- Generated by org.testng.reporters.JUnitReportReporter -->
<testsuite name="com.selenium.testcases.stocksuite.AddDelStockTest" tests="2" time="0.339" ignored="0" failures="0" timestamp="14 Aug 2018 03:06:29 GMT" skipped="2" hostname="Manish-PC" errors="0">
  <testcase name="deleteStockTest" time="0.152" classname="com.selenium.testcases.stocksuite.AddDelStockTest">
    <skipped/>
  </testcase> <!-- deleteStockTest -->
  <testcase name="addStockTest" time="0.187" classname="com.selenium.testcases.stocksuite.AddDelStockTest">
    <skipped/>
  </testcase> <!-- addStockTest -->
</testsuite> <!-- com.selenium.testcases.stocksuite.AddDelStockTest -->
