<?xml version="1.0" encoding="UTF-8"?>
<!-- Generated by org.testng.reporters.JUnitReportReporter -->
<testsuite name="com.selenium.testcases.stocksuite.AddDelStockTest" tests="2" time="1.902" ignored="0" failures="0" timestamp="18 Aug 2018 19:10:17 GMT" skipped="2" hostname="Manish-PC" errors="0">
  <testcase name="addStockTest" time="1.110" classname="com.selenium.testcases.stocksuite.AddDelStockTest">
    <skipped/>
  </testcase> <!-- addStockTest -->
  <testcase name="deleteStockTest" time="0.792" classname="com.selenium.testcases.stocksuite.AddDelStockTest">
    <skipped/>
  </testcase> <!-- deleteStockTest -->
</testsuite> <!-- com.selenium.testcases.stocksuite.AddDelStockTest -->
