<?xml version="1.0" encoding="UTF-8"?>
<!-- Generated by org.testng.reporters.JUnitReportReporter -->
<testsuite name="com.selenium.testcases.portfoliosuite.LoginTest" tests="2" time="46.917" ignored="0" failures="0" timestamp="06 May 2019 17:43:18 GMT" skipped="1" hostname="Manish-PC" errors="0">
  <testcase name="loginTest" time="46.640" classname="com.selenium.testcases.portfoliosuite.LoginTest"/>
  <testcase name="loginTest" time="0.277" classname="com.selenium.testcases.portfoliosuite.LoginTest">
    <skipped/>
  </testcase> <!-- loginTest -->
</testsuite> <!-- com.selenium.testcases.portfoliosuite.LoginTest -->
