<?xml version="1.0" encoding="UTF-8"?>
<!-- Generated by org.testng.reporters.JUnitReportReporter -->
<testsuite name="com.selenium.testcases.stocksuite.AddDelStockTest" tests="2" time="0.074" ignored="0" failures="0" timestamp="18 Oct 2018 03:32:15 GMT" skipped="2" hostname="Manish-PC" errors="0">
  <testcase name="deleteStockTest" time="0.000" classname="com.selenium.testcases.stocksuite.AddDelStockTest">
    <skipped/>
  </testcase> <!-- deleteStockTest -->
  <testcase name="addStockTest" time="0.074" classname="com.selenium.testcases.stocksuite.AddDelStockTest">
    <skipped/>
  </testcase> <!-- addStockTest -->
</testsuite> <!-- com.selenium.testcases.stocksuite.AddDelStockTest -->
