<?xml version="1.0" encoding="UTF-8"?>
<!-- Generated by org.testng.reporters.JUnitReportReporter -->
<testsuite name="com.selenium.testcases.stocksuite.BuySellStockTest" tests="2" time="0.146" ignored="0" failures="0" timestamp="18 Oct 2018 03:32:15 GMT" skipped="2" hostname="Manish-PC" errors="0">
  <testcase name="checkTransactionHistoryTest" time="0.079" classname="com.selenium.testcases.stocksuite.BuySellStockTest">
    <skipped/>
  </testcase> <!-- checkTransactionHistoryTest -->
  <testcase name="buyOrSellStockTest" time="0.067" classname="com.selenium.testcases.stocksuite.BuySellStockTest">
    <skipped/>
  </testcase> <!-- buyOrSellStockTest -->
</testsuite> <!-- com.selenium.testcases.stocksuite.BuySellStockTest -->
