<?xml version="1.0" encoding="UTF-8"?>
<!-- Generated by org.testng.reporters.JUnitReportReporter -->
<testsuite name="com.selenium.testcases.portfoliosuite.LoginTest" tests="1" time="147.800" ignored="0" failures="0" timestamp="18 Aug 2018 19:10:16 GMT" skipped="0" hostname="Manish-PC" errors="0">
  <testcase name="loginTest" time="147.800" classname="com.selenium.testcases.portfoliosuite.LoginTest"/>
</testsuite> <!-- com.selenium.testcases.portfoliosuite.LoginTest -->
