<?xml version="1.0" encoding="UTF-8"?>
<!-- Generated by org.testng.reporters.JUnitReportReporter -->
<testsuite name="com.selenium.testcases.portfoliosuite.LoginTest" tests="2" time="46.260" ignored="0" failures="0" timestamp="06 May 2019 12:54:50 GMT" skipped="1" hostname="Manish-PC" errors="0">
  <testcase name="loginTest" time="45.189" classname="com.selenium.testcases.portfoliosuite.LoginTest"/>
  <testcase name="loginTest" time="1.071" classname="com.selenium.testcases.portfoliosuite.LoginTest">
    <skipped/>
  </testcase> <!-- loginTest -->
</testsuite> <!-- com.selenium.testcases.portfoliosuite.LoginTest -->
