<?xml version="1.0" encoding="UTF-8"?>
<!-- Generated by org.testng.reporters.JUnitReportReporter -->
<testsuite name="com.selenium.testcases.stocksuite.AddDelStockTest" tests="2" time="0.069" ignored="0" failures="0" timestamp="13 Sep 2018 01:26:30 GMT" skipped="2" hostname="Manish-PC" errors="0">
  <testcase name="addStockTest" time="0.069" classname="com.selenium.testcases.stocksuite.AddDelStockTest">
    <skipped/>
  </testcase> <!-- addStockTest -->
  <testcase name="deleteStockTest" time="0.000" classname="com.selenium.testcases.stocksuite.AddDelStockTest">
    <skipped/>
  </testcase> <!-- deleteStockTest -->
</testsuite> <!-- com.selenium.testcases.stocksuite.AddDelStockTest -->
