<?xml version="1.0" encoding="UTF-8"?>
<!-- Generated by org.testng.reporters.JUnitReportReporter -->
<testsuite name="com.selenium.testcases.portfoliosuite.LoginTest" tests="2" time="44.549" ignored="0" failures="0" timestamp="08 May 2019 07:54:50 GMT" skipped="1" hostname="Manish-PC" errors="0">
  <testcase name="loginTest" time="0.093" classname="com.selenium.testcases.portfoliosuite.LoginTest">
    <skipped/>
  </testcase> <!-- loginTest -->
  <testcase name="loginTest" time="44.456" classname="com.selenium.testcases.portfoliosuite.LoginTest"/>
</testsuite> <!-- com.selenium.testcases.portfoliosuite.LoginTest -->
