<?xml version="1.0" encoding="UTF-8"?>
<!-- Generated by org.testng.reporters.JUnitReportReporter -->
<testsuite name="com.selenium.testcases.portfoliosuite.LoginTest" tests="1" time="105.859" ignored="0" failures="0" timestamp="19 Aug 2018 23:33:09 GMT" skipped="0" hostname="Manish-PC" errors="0">
  <testcase name="loginTest" time="105.859" classname="com.selenium.testcases.portfoliosuite.LoginTest"/>
</testsuite> <!-- com.selenium.testcases.portfoliosuite.LoginTest -->
