<?xml version="1.0" encoding="UTF-8"?>
<!-- Generated by org.testng.reporters.JUnitReportReporter -->
<testsuite name="com.selenium.testcases.stocksuite.BuySellStockTest" tests="2" time="0.135" ignored="0" failures="0" timestamp="13 Sep 2018 01:26:30 GMT" skipped="2" hostname="Manish-PC" errors="0">
  <testcase name="checkTransactionHistoryTest" time="0.065" classname="com.selenium.testcases.stocksuite.BuySellStockTest">
    <skipped/>
  </testcase> <!-- checkTransactionHistoryTest -->
  <testcase name="buyOrSellStockTest" time="0.070" classname="com.selenium.testcases.stocksuite.BuySellStockTest">
    <skipped/>
  </testcase> <!-- buyOrSellStockTest -->
</testsuite> <!-- com.selenium.testcases.stocksuite.BuySellStockTest -->
