<?xml version="1.0" encoding="UTF-8"?>
<!-- Generated by org.testng.reporters.JUnitReportReporter -->
<testsuite name="com.selenium.testcases.portfoliosuite.PortFolioTest" tests="3" time="0.686" ignored="0" failures="0" timestamp="13 Aug 2018 02:42:58 GMT" skipped="3" hostname="Manish-PC" errors="0">
  <testcase name="createPortFolioTest" time="0.274" classname="com.selenium.testcases.portfoliosuite.PortFolioTest">
    <skipped/>
  </testcase> <!-- createPortFolioTest -->
  <testcase name="deletePortFolioTest" time="0.000" classname="com.selenium.testcases.portfoliosuite.PortFolioTest">
    <skipped/>
  </testcase> <!-- deletePortFolioTest -->
  <testcase name="createPortFolioTest" time="0.412" classname="com.selenium.testcases.portfoliosuite.PortFolioTest">
    <skipped/>
  </testcase> <!-- createPortFolioTest -->
</testsuite> <!-- com.selenium.testcases.portfoliosuite.PortFolioTest -->
