<?xml version="1.0" encoding="UTF-8"?>
<!-- Generated by org.testng.reporters.JUnitReportReporter -->
<testsuite name="com.selenium.testcases.portfoliosuite.PortFolioTest" tests="2" time="0.071" ignored="0" failures="0" timestamp="08 May 2019 07:54:50 GMT" skipped="2" hostname="Manish-PC" errors="0">
  <testcase name="deletePortFolioTest" time="0.000" classname="com.selenium.testcases.portfoliosuite.PortFolioTest">
    <skipped/>
  </testcase> <!-- deletePortFolioTest -->
  <testcase name="createPortFolioTest" time="0.071" classname="com.selenium.testcases.portfoliosuite.PortFolioTest">
    <skipped/>
  </testcase> <!-- createPortFolioTest -->
</testsuite> <!-- com.selenium.testcases.portfoliosuite.PortFolioTest -->
