<?xml version="1.0" encoding="UTF-8"?>
<!-- Generated by org.testng.reporters.JUnitReportReporter -->
<testsuite name="com.selenium.testcases.portfoliosuite.LoginTest" tests="1" time="0.803" ignored="0" failures="0" timestamp="13 Aug 2018 02:42:58 GMT" skipped="1" hostname="Manish-PC" errors="0">
  <testcase name="loginTest" time="0.803" classname="com.selenium.testcases.portfoliosuite.LoginTest">
    <skipped/>
  </testcase> <!-- loginTest -->
</testsuite> <!-- com.selenium.testcases.portfoliosuite.LoginTest -->
