<?xml version="1.0" encoding="UTF-8"?>
<!-- Generated by org.testng.reporters.JUnitReportReporter -->
<testsuite name="com.selenium.testcases.portfoliosuite.LoginTest" tests="1" time="93.881" ignored="0" failures="0" timestamp="13 Aug 2018 01:57:08 GMT" skipped="0" hostname="Manish-PC" errors="0">
  <testcase name="loginTest" time="93.881" classname="com.selenium.testcases.portfoliosuite.LoginTest"/>
</testsuite> <!-- com.selenium.testcases.portfoliosuite.LoginTest -->
